{"/Users/anastasiamorozova/career-track/data-structures-and-algorithms/challenges/arrayMap/array-binary-search.js": {"path":"/Users/anastasiamorozova/career-track/data-structures-and-algorithms/challenges/arrayMap/array-binary-search.js","statementMap":{"0":{"start":{"line":2,"column":2},"end":{"line":6,"column":3}},"1":{"start":{"line":2,"column":14},"end":{"line":2,"column":15}},"2":{"start":{"line":3,"column":16},"end":{"line":3,"column":22}},"3":{"start":{"line":4,"column":4},"end":{"line":5,"column":15}},"4":{"start":{"line":5,"column":6},"end":{"line":5,"column":15}},"5":{"start":{"line":7,"column":2},"end":{"line":7,"column":12}},"6":{"start":{"line":9,"column":0},"end":{"line":9,"column":34}},"7":{"start":{"line":22,"column":0},"end":{"line":22,"column":34}}},"fnMap":{"0":{"name":"BinarySearch","decl":{"start":{"line":1,"column":9},"end":{"line":1,"column":21}},"loc":{"start":{"line":1,"column":32},"end":{"line":8,"column":1}},"line":1}},"branchMap":{"0":{"loc":{"start":{"line":4,"column":4},"end":{"line":5,"column":15}},"type":"if","locations":[{"start":{"line":4,"column":4},"end":{"line":5,"column":15}},{"start":{"line":4,"column":4},"end":{"line":5,"column":15}}],"line":4}},"s":{"0":1,"1":1,"2":4,"3":4,"4":1,"5":0,"6":1,"7":1},"f":{"0":1},"b":{"0":[1,3]},"_coverageSchema":"1a1c01bbd47fc00a2c39e90264f33305004495a9","hash":"2366ccb02ef227f1108321f51f0284e4d4691437"}
}
